<?xml version="1.0" encoding="UTF-8"?>
<coverage generated="1638572249591" clover="3.2.0">
  <project timestamp="1638572249591" name="All files">
    <metrics statements="76" coveredstatements="76" conditionals="4" coveredconditionals="4" methods="20" coveredmethods="20" elements="100" coveredelements="100" complexity="0" loc="76" ncloc="76" packages="1" files="1" classes="1"/>
    <file name="funcionalidad.js" path="C:\Users\Aquamantop\Desktop\Programacion\Testing 1\UnitTest\calculadora_orig2.0\funcionalidad.js">
      <metrics statements="76" coveredstatements="76" conditionals="4" coveredconditionals="4" methods="20" coveredmethods="20"/>
      <line num="8" count="10" type="stmt"/>
      <line num="9" count="10" type="stmt"/>
      <line num="10" count="10" type="stmt"/>
      <line num="11" count="10" type="stmt"/>
      <line num="12" count="10" type="stmt"/>
      <line num="13" count="10" type="stmt"/>
      <line num="14" count="10" type="stmt"/>
      <line num="15" count="10" type="stmt"/>
      <line num="16" count="10" type="stmt"/>
      <line num="17" count="10" type="stmt"/>
      <line num="18" count="10" type="stmt"/>
      <line num="19" count="10" type="stmt"/>
      <line num="20" count="10" type="stmt"/>
      <line num="21" count="10" type="stmt"/>
      <line num="22" count="10" type="stmt"/>
      <line num="23" count="10" type="stmt"/>
      <line num="24" count="10" type="stmt"/>
      <line num="27" count="10" type="stmt"/>
      <line num="28" count="4" type="stmt"/>
      <line num="30" count="10" type="stmt"/>
      <line num="31" count="1" type="stmt"/>
      <line num="33" count="10" type="stmt"/>
      <line num="34" count="1" type="stmt"/>
      <line num="36" count="10" type="stmt"/>
      <line num="37" count="1" type="stmt"/>
      <line num="39" count="10" type="stmt"/>
      <line num="40" count="1" type="stmt"/>
      <line num="42" count="10" type="stmt"/>
      <line num="43" count="1" type="stmt"/>
      <line num="45" count="10" type="stmt"/>
      <line num="46" count="1" type="stmt"/>
      <line num="48" count="10" type="stmt"/>
      <line num="49" count="1" type="stmt"/>
      <line num="51" count="10" type="stmt"/>
      <line num="52" count="1" type="stmt"/>
      <line num="54" count="10" type="stmt"/>
      <line num="55" count="1" type="stmt"/>
      <line num="57" count="10" type="stmt"/>
      <line num="58" count="1" type="stmt"/>
      <line num="60" count="10" type="stmt"/>
      <line num="61" count="1" type="stmt"/>
      <line num="62" count="1" type="stmt"/>
      <line num="63" count="1" type="stmt"/>
      <line num="65" count="10" type="stmt"/>
      <line num="66" count="1" type="stmt"/>
      <line num="67" count="1" type="stmt"/>
      <line num="68" count="1" type="stmt"/>
      <line num="70" count="10" type="stmt"/>
      <line num="71" count="1" type="stmt"/>
      <line num="72" count="1" type="stmt"/>
      <line num="73" count="1" type="stmt"/>
      <line num="75" count="10" type="stmt"/>
      <line num="76" count="1" type="stmt"/>
      <line num="77" count="1" type="stmt"/>
      <line num="78" count="1" type="stmt"/>
      <line num="80" count="10" type="stmt"/>
      <line num="81" count="4" type="stmt"/>
      <line num="82" count="4" type="stmt"/>
      <line num="87" count="13" type="stmt"/>
      <line num="91" count="6" type="stmt"/>
      <line num="92" count="6" type="stmt"/>
      <line num="93" count="6" type="stmt"/>
      <line num="94" count="6" type="stmt"/>
      <line num="98" count="4" type="stmt"/>
      <line num="99" count="4" type="cond" truecount="4" falsecount="0"/>
      <line num="101" count="1" type="stmt"/>
      <line num="102" count="1" type="stmt"/>
      <line num="104" count="1" type="stmt"/>
      <line num="105" count="1" type="stmt"/>
      <line num="107" count="1" type="stmt"/>
      <line num="108" count="1" type="stmt"/>
      <line num="110" count="1" type="stmt"/>
      <line num="111" count="1" type="stmt"/>
      <line num="113" count="4" type="stmt"/>
      <line num="114" count="4" type="stmt"/>
      <line num="117" count="1" type="stmt"/>
    </file>
  </project>
</coverage>
