{"C:\\Users\\Aquamantop\\Desktop\\Programacion\\Testing 1\\UnitTest\\calculadora_orig2.0\\funcionalidad.js": {"path":"C:\\Users\\Aquamantop\\Desktop\\Programacion\\Testing 1\\UnitTest\\calculadora_orig2.0\\funcionalidad.js","statementMap":{"0":{"start":{"line":8,"column":18},"end":{"line":8,"column":54}},"1":{"start":{"line":9,"column":14},"end":{"line":9,"column":46}},"2":{"start":{"line":10,"column":13},"end":{"line":10,"column":44}},"3":{"start":{"line":11,"column":14},"end":{"line":11,"column":46}},"4":{"start":{"line":12,"column":23},"end":{"line":12,"column":64}},"5":{"start":{"line":13,"column":17},"end":{"line":13,"column":52}},"6":{"start":{"line":14,"column":14},"end":{"line":14,"column":46}},"7":{"start":{"line":15,"column":12},"end":{"line":15,"column":42}},"8":{"start":{"line":16,"column":12},"end":{"line":16,"column":42}},"9":{"start":{"line":17,"column":13},"end":{"line":17,"column":44}},"10":{"start":{"line":18,"column":15},"end":{"line":18,"column":48}},"11":{"start":{"line":19,"column":14},"end":{"line":19,"column":46}},"12":{"start":{"line":20,"column":13},"end":{"line":20,"column":44}},"13":{"start":{"line":21,"column":14},"end":{"line":21,"column":46}},"14":{"start":{"line":22,"column":13},"end":{"line":22,"column":44}},"15":{"start":{"line":23,"column":14},"end":{"line":23,"column":46}},"16":{"start":{"line":24,"column":13},"end":{"line":24,"column":44}},"17":{"start":{"line":27,"column":2},"end":{"line":29,"column":4}},"18":{"start":{"line":28,"column":4},"end":{"line":28,"column":56}},"19":{"start":{"line":30,"column":2},"end":{"line":32,"column":4}},"20":{"start":{"line":31,"column":4},"end":{"line":31,"column":56}},"21":{"start":{"line":33,"column":2},"end":{"line":35,"column":4}},"22":{"start":{"line":34,"column":4},"end":{"line":34,"column":56}},"23":{"start":{"line":36,"column":2},"end":{"line":38,"column":4}},"24":{"start":{"line":37,"column":4},"end":{"line":37,"column":56}},"25":{"start":{"line":39,"column":2},"end":{"line":41,"column":4}},"26":{"start":{"line":40,"column":4},"end":{"line":40,"column":56}},"27":{"start":{"line":42,"column":2},"end":{"line":44,"column":4}},"28":{"start":{"line":43,"column":4},"end":{"line":43,"column":56}},"29":{"start":{"line":45,"column":2},"end":{"line":47,"column":4}},"30":{"start":{"line":46,"column":4},"end":{"line":46,"column":56}},"31":{"start":{"line":48,"column":2},"end":{"line":50,"column":4}},"32":{"start":{"line":49,"column":4},"end":{"line":49,"column":56}},"33":{"start":{"line":51,"column":2},"end":{"line":53,"column":4}},"34":{"start":{"line":52,"column":4},"end":{"line":52,"column":56}},"35":{"start":{"line":54,"column":2},"end":{"line":56,"column":4}},"36":{"start":{"line":55,"column":4},"end":{"line":55,"column":56}},"37":{"start":{"line":57,"column":2},"end":{"line":59,"column":4}},"38":{"start":{"line":58,"column":4},"end":{"line":58,"column":15}},"39":{"start":{"line":60,"column":2},"end":{"line":64,"column":4}},"40":{"start":{"line":61,"column":4},"end":{"line":61,"column":38}},"41":{"start":{"line":62,"column":4},"end":{"line":62,"column":20}},"42":{"start":{"line":63,"column":4},"end":{"line":63,"column":14}},"43":{"start":{"line":65,"column":2},"end":{"line":69,"column":4}},"44":{"start":{"line":66,"column":4},"end":{"line":66,"column":38}},"45":{"start":{"line":67,"column":4},"end":{"line":67,"column":20}},"46":{"start":{"line":68,"column":4},"end":{"line":68,"column":14}},"47":{"start":{"line":70,"column":2},"end":{"line":74,"column":4}},"48":{"start":{"line":71,"column":4},"end":{"line":71,"column":38}},"49":{"start":{"line":72,"column":4},"end":{"line":72,"column":20}},"50":{"start":{"line":73,"column":4},"end":{"line":73,"column":14}},"51":{"start":{"line":75,"column":2},"end":{"line":79,"column":4}},"52":{"start":{"line":76,"column":4},"end":{"line":76,"column":38}},"53":{"start":{"line":77,"column":4},"end":{"line":77,"column":20}},"54":{"start":{"line":78,"column":4},"end":{"line":78,"column":14}},"55":{"start":{"line":80,"column":2},"end":{"line":83,"column":4}},"56":{"start":{"line":81,"column":4},"end":{"line":81,"column":38}},"57":{"start":{"line":82,"column":4},"end":{"line":82,"column":15}},"58":{"start":{"line":87,"column":2},"end":{"line":87,"column":29}},"59":{"start":{"line":91,"column":2},"end":{"line":91,"column":29}},"60":{"start":{"line":92,"column":2},"end":{"line":92,"column":16}},"61":{"start":{"line":93,"column":2},"end":{"line":93,"column":16}},"62":{"start":{"line":94,"column":2},"end":{"line":94,"column":17}},"63":{"start":{"line":98,"column":12},"end":{"line":98,"column":13}},"64":{"start":{"line":99,"column":2},"end":{"line":112,"column":3}},"65":{"start":{"line":101,"column":6},"end":{"line":101,"column":58}},"66":{"start":{"line":102,"column":6},"end":{"line":102,"column":12}},"67":{"start":{"line":104,"column":6},"end":{"line":104,"column":58}},"68":{"start":{"line":105,"column":6},"end":{"line":105,"column":12}},"69":{"start":{"line":107,"column":6},"end":{"line":107,"column":58}},"70":{"start":{"line":108,"column":6},"end":{"line":108,"column":12}},"71":{"start":{"line":110,"column":6},"end":{"line":110,"column":58}},"72":{"start":{"line":111,"column":6},"end":{"line":111,"column":12}},"73":{"start":{"line":113,"column":2},"end":{"line":113,"column":13}},"74":{"start":{"line":114,"column":2},"end":{"line":114,"column":30}},"75":{"start":{"line":117,"column":0},"end":{"line":117,"column":55}}},"fnMap":{"0":{"name":"init","decl":{"start":{"line":6,"column":9},"end":{"line":6,"column":13}},"loc":{"start":{"line":6,"column":16},"end":{"line":84,"column":1}},"line":6},"1":{"name":"(anonymous_1)","decl":{"start":{"line":27,"column":16},"end":{"line":27,"column":17}},"loc":{"start":{"line":27,"column":29},"end":{"line":29,"column":3}},"line":27},"2":{"name":"(anonymous_2)","decl":{"start":{"line":30,"column":16},"end":{"line":30,"column":17}},"loc":{"start":{"line":30,"column":29},"end":{"line":32,"column":3}},"line":30},"3":{"name":"(anonymous_3)","decl":{"start":{"line":33,"column":17},"end":{"line":33,"column":18}},"loc":{"start":{"line":33,"column":30},"end":{"line":35,"column":3}},"line":33},"4":{"name":"(anonymous_4)","decl":{"start":{"line":36,"column":19},"end":{"line":36,"column":20}},"loc":{"start":{"line":36,"column":32},"end":{"line":38,"column":3}},"line":36},"5":{"name":"(anonymous_5)","decl":{"start":{"line":39,"column":18},"end":{"line":39,"column":19}},"loc":{"start":{"line":39,"column":31},"end":{"line":41,"column":3}},"line":39},"6":{"name":"(anonymous_6)","decl":{"start":{"line":42,"column":17},"end":{"line":42,"column":18}},"loc":{"start":{"line":42,"column":30},"end":{"line":44,"column":3}},"line":42},"7":{"name":"(anonymous_7)","decl":{"start":{"line":45,"column":18},"end":{"line":45,"column":19}},"loc":{"start":{"line":45,"column":31},"end":{"line":47,"column":3}},"line":45},"8":{"name":"(anonymous_8)","decl":{"start":{"line":48,"column":17},"end":{"line":48,"column":18}},"loc":{"start":{"line":48,"column":30},"end":{"line":50,"column":3}},"line":48},"9":{"name":"(anonymous_9)","decl":{"start":{"line":51,"column":18},"end":{"line":51,"column":19}},"loc":{"start":{"line":51,"column":31},"end":{"line":53,"column":3}},"line":51},"10":{"name":"(anonymous_10)","decl":{"start":{"line":54,"column":17},"end":{"line":54,"column":18}},"loc":{"start":{"line":54,"column":30},"end":{"line":56,"column":3}},"line":54},"11":{"name":"(anonymous_11)","decl":{"start":{"line":57,"column":18},"end":{"line":57,"column":19}},"loc":{"start":{"line":57,"column":31},"end":{"line":59,"column":3}},"line":57},"12":{"name":"(anonymous_12)","decl":{"start":{"line":60,"column":17},"end":{"line":60,"column":18}},"loc":{"start":{"line":60,"column":30},"end":{"line":64,"column":3}},"line":60},"13":{"name":"(anonymous_13)","decl":{"start":{"line":65,"column":18},"end":{"line":65,"column":19}},"loc":{"start":{"line":65,"column":31},"end":{"line":69,"column":3}},"line":65},"14":{"name":"(anonymous_14)","decl":{"start":{"line":70,"column":27},"end":{"line":70,"column":28}},"loc":{"start":{"line":70,"column":40},"end":{"line":74,"column":3}},"line":70},"15":{"name":"(anonymous_15)","decl":{"start":{"line":75,"column":21},"end":{"line":75,"column":22}},"loc":{"start":{"line":75,"column":34},"end":{"line":79,"column":3}},"line":75},"16":{"name":"(anonymous_16)","decl":{"start":{"line":80,"column":18},"end":{"line":80,"column":19}},"loc":{"start":{"line":80,"column":31},"end":{"line":83,"column":3}},"line":80},"17":{"name":"limpiar","decl":{"start":{"line":86,"column":9},"end":{"line":86,"column":16}},"loc":{"start":{"line":86,"column":19},"end":{"line":88,"column":1}},"line":86},"18":{"name":"resetear","decl":{"start":{"line":90,"column":9},"end":{"line":90,"column":17}},"loc":{"start":{"line":90,"column":20},"end":{"line":95,"column":1}},"line":90},"19":{"name":"resolver","decl":{"start":{"line":97,"column":9},"end":{"line":97,"column":17}},"loc":{"start":{"line":97,"column":20},"end":{"line":115,"column":1}},"line":97}},"branchMap":{"0":{"loc":{"start":{"line":99,"column":2},"end":{"line":112,"column":3}},"type":"switch","locations":[{"start":{"line":100,"column":4},"end":{"line":102,"column":12}},{"start":{"line":103,"column":4},"end":{"line":105,"column":12}},{"start":{"line":106,"column":4},"end":{"line":108,"column":12}},{"start":{"line":109,"column":4},"end":{"line":111,"column":12}}],"line":99}},"s":{"0":10,"1":10,"2":10,"3":10,"4":10,"5":10,"6":10,"7":10,"8":10,"9":10,"10":10,"11":10,"12":10,"13":10,"14":10,"15":10,"16":10,"17":10,"18":4,"19":10,"20":1,"21":10,"22":1,"23":10,"24":1,"25":10,"26":1,"27":10,"28":1,"29":10,"30":1,"31":10,"32":1,"33":10,"34":1,"35":10,"36":1,"37":10,"38":1,"39":10,"40":1,"41":1,"42":1,"43":10,"44":1,"45":1,"46":1,"47":10,"48":1,"49":1,"50":1,"51":10,"52":1,"53":1,"54":1,"55":10,"56":4,"57":4,"58":13,"59":6,"60":6,"61":6,"62":6,"63":4,"64":4,"65":1,"66":1,"67":1,"68":1,"69":1,"70":1,"71":1,"72":1,"73":4,"74":4,"75":1},"f":{"0":10,"1":4,"2":1,"3":1,"4":1,"5":1,"6":1,"7":1,"8":1,"9":1,"10":1,"11":1,"12":1,"13":1,"14":1,"15":1,"16":4,"17":13,"18":6,"19":4},"b":{"0":[1,1,1,1]},"_coverageSchema":"1a1c01bbd47fc00a2c39e90264f33305004495a9","hash":"3126db98c492e8e0e161425eef6df4b4002086c5"}
}
