TN:
SF:funcionalidad.js
FN:6,init
FN:27,(anonymous_1)
FN:30,(anonymous_2)
FN:33,(anonymous_3)
FN:36,(anonymous_4)
FN:39,(anonymous_5)
FN:42,(anonymous_6)
FN:45,(anonymous_7)
FN:48,(anonymous_8)
FN:51,(anonymous_9)
FN:54,(anonymous_10)
FN:57,(anonymous_11)
FN:60,(anonymous_12)
FN:65,(anonymous_13)
FN:70,(anonymous_14)
FN:75,(anonymous_15)
FN:80,(anonymous_16)
FN:86,limpiar
FN:90,resetear
FN:97,resolver
FNF:20
FNH:20
FNDA:10,init
FNDA:4,(anonymous_1)
FNDA:1,(anonymous_2)
FNDA:1,(anonymous_3)
FNDA:1,(anonymous_4)
FNDA:1,(anonymous_5)
FNDA:1,(anonymous_6)
FNDA:1,(anonymous_7)
FNDA:1,(anonymous_8)
FNDA:1,(anonymous_9)
FNDA:1,(anonymous_10)
FNDA:1,(anonymous_11)
FNDA:1,(anonymous_12)
FNDA:1,(anonymous_13)
FNDA:1,(anonymous_14)
FNDA:1,(anonymous_15)
FNDA:4,(anonymous_16)
FNDA:13,limpiar
FNDA:6,resetear
FNDA:4,resolver
DA:8,10
DA:9,10
DA:10,10
DA:11,10
DA:12,10
DA:13,10
DA:14,10
DA:15,10
DA:16,10
DA:17,10
DA:18,10
DA:19,10
DA:20,10
DA:21,10
DA:22,10
DA:23,10
DA:24,10
DA:27,10
DA:28,4
DA:30,10
DA:31,1
DA:33,10
DA:34,1
DA:36,10
DA:37,1
DA:39,10
DA:40,1
DA:42,10
DA:43,1
DA:45,10
DA:46,1
DA:48,10
DA:49,1
DA:51,10
DA:52,1
DA:54,10
DA:55,1
DA:57,10
DA:58,1
DA:60,10
DA:61,1
DA:62,1
DA:63,1
DA:65,10
DA:66,1
DA:67,1
DA:68,1
DA:70,10
DA:71,1
DA:72,1
DA:73,1
DA:75,10
DA:76,1
DA:77,1
DA:78,1
DA:80,10
DA:81,4
DA:82,4
DA:87,13
DA:91,6
DA:92,6
DA:93,6
DA:94,6
DA:98,4
DA:99,4
DA:101,1
DA:102,1
DA:104,1
DA:105,1
DA:107,1
DA:108,1
DA:110,1
DA:111,1
DA:113,4
DA:114,4
DA:117,1
LF:76
LH:76
BRDA:99,0,0,1
BRDA:99,0,1,1
BRDA:99,0,2,1
BRDA:99,0,3,1
BRF:4
BRH:4
end_of_record
